88.9500  146.0300   11.0400
90.0770  254.8200   -4.6575
90.0206  249.3805   -3.8726
89.9643  243.9410   -3.0878
89.9080  238.5015   -2.3029
89.8516  233.0620   -1.5180
89.7953  227.6225   -0.7331
89.7389  222.1830    0.0517
89.6826  216.7435    0.8366
89.6262  211.3040    1.6215
89.5699  205.8645    2.4064
89.5135  200.4250    3.1912
89.4571  194.9855    3.9761
89.4008  189.5460    4.7610
89.3445  184.1065    5.5459
89.2881  178.6670    6.3308
89.2317  173.2275    7.1156
89.1754  167.7880    7.9005
89.1191  162.3485    8.6854
89.0627  156.9090    9.4703
89.0064  151.4695   10.2551
85.0885  134.5680  -98.6295
85.4751  135.7142  -87.6631
85.8618  136.8604  -76.6966
86.2484  138.0066  -65.7302
86.6351  139.1528  -54.7637
87.0217  140.2990  -43.7973
87.4084  141.4452  -32.8308
87.7950  142.5914  -21.8644
88.1817  143.7376  -10.8979
88.5683  144.8838    0.0685
89.3416  147.1762   22.0014
89.7283  148.3224   32.9679
90.1149  149.4686   43.9343
90.5016  150.6148   54.9008
90.8882  151.7610   65.8672
91.2749  152.9072   76.8337
91.6616  154.0534   87.8002
92.0482  155.1996   98.7666
92.4349  156.3458  109.7330
92.8215  157.4920  120.6995
24.6875  146.6680   14.5380
31.1142  146.6042   14.1882
37.5410  146.5404   13.8384
43.9678  146.4766   13.4886
50.3945  146.4128   13.1388
56.8212  146.3490   12.7890
63.2480  146.2852   12.4392
69.6748  146.2214   12.0894
76.1015  146.1576   11.7396
82.5282  146.0938   11.3898
95.3817  145.9662   10.6902
101.8085  145.9024   10.3404
108.2353  145.8386    9.9906
114.6620  145.7748    9.6408
121.0888  145.7110    9.2910
127.5155  145.6472    8.9412
133.9423  145.5834    8.5914
140.3690  145.5196    8.2416
146.7957  145.4558    7.8918
153.2225  145.3920    7.5420