   30.0000   79.5000   23.5000
  -10.0000   79.5000   23.5000
   -7.8947   79.5000   23.5000
   -5.7895   79.5000   23.5000
   -3.6842   79.5000   23.5000
   -1.5789   79.5000   23.5000
    0.5263   79.5000   23.5000
    2.6316   79.5000   23.5000
    4.7368   79.5000   23.5000
    6.8421   79.5000   23.5000
    8.9474   79.5000   23.5000
   11.0526   79.5000   23.5000
   13.1579   79.5000   23.5000
   15.2632   79.5000   23.5000
   17.3684   79.5000   23.5000
   19.4737   79.5000   23.5000
   21.5789   79.5000   23.5000
   23.6842   79.5000   23.5000
   25.7895   79.5000   23.5000
   27.8947   79.5000   23.5000
   30.0000   79.5000   23.5000
   30.0000   79.5000  -25.0000
   30.0000   79.5000  -19.8947
   30.0000   79.5000  -14.7895
   30.0000   79.5000   -9.6842
   30.0000   79.5000   -4.5789
   30.0000   79.5000    0.5263
   30.0000   79.5000    5.6316
   30.0000   79.5000   10.7368
   30.0000   79.5000   15.8421
   30.0000   79.5000   20.9474
   30.0000   79.5000   26.0526
   30.0000   79.5000   31.1579
   30.0000   79.5000   36.2632
   30.0000   79.5000   41.3684
   30.0000   79.5000   46.4737
   30.0000   79.5000   51.5789
   30.0000   79.5000   56.6842
   30.0000   79.5000   61.7895
   30.0000   79.5000   66.8947
   30.0000   79.5000   72.0000
   30.0000   45.0000   23.5000
   30.0000   48.6316   23.5000
   30.0000   52.2632   23.5000
   30.0000   55.8947   23.5000
   30.0000   59.5263   23.5000
   30.0000   63.1579   23.5000
   30.0000   66.7895   23.5000
   30.0000   70.4211   23.5000
   30.0000   74.0526   23.5000
   30.0000   77.6842   23.5000
   30.0000   81.3158   23.5000
   30.0000   84.9474   23.5000
   30.0000   88.5789   23.5000
   30.0000   92.2105   23.5000
   30.0000   95.8421   23.5000
   30.0000   99.4737   23.5000
   30.0000  103.1053   23.5000
   30.0000  106.7368   23.5000
   30.0000  110.3684   23.5000
   30.0000  114.0000   23.5000