   -0.95   23.03  -64.96
   -2.0770  131.8200  -80.6575
   -2.0206  126.3805  -79.8726
   -1.9643  120.9410  -79.0878
   -1.9080  115.5015  -78.3029
   -1.8516  110.0620  -77.5180
   -1.7953  104.6225  -76.7331
   -1.7389   99.1830  -75.9483
   -1.6826   93.7435  -75.1634
   -1.6262   88.3040  -74.3785
   -1.5699   82.8645  -73.5936
   -1.5135   77.4250  -72.8088
   -1.4571   71.9855  -72.0239
   -1.4008   66.5460  -71.2390
   -1.3445   61.1065  -70.4541
   -1.2881   55.6670  -69.6692
   -1.2317   50.2275  -68.8844
   -1.1754   44.7880  -68.0995
   -1.1191   39.3485  -67.3146
   -1.0627   33.9090  -66.5297
   -1.0064   28.4695  -65.7449
    2.9115   11.5680 -174.6295
    2.5249   12.7142 -163.6631
    2.1382   13.8604 -152.6966
    1.7516   15.0066 -141.7302
    1.3649   16.1528 -130.7637
    0.9783   17.2990 -119.7973
    0.5916   18.4452 -108.8308
    0.2050   19.5914  -97.8644
   -0.1817   20.7376  -86.8979
   -0.5683   21.8838  -75.9315
   -1.3416   24.1762  -53.9986
   -1.7283   25.3224  -43.0321
   -2.1149   26.4686  -32.0657
   -2.5016   27.6148  -21.0992
   -2.8882   28.7610  -10.1328
   -3.2749   29.9072    0.8337
   -3.6616   31.0534   11.8002
   -4.0482   32.1996   22.7666
   -4.4349   33.3458   33.7330
   -4.8215   34.4920   44.6995
   63.3125   23.6680  -61.4620
   56.8858   23.6042  -61.8118
   50.4590   23.5404  -62.1616
   44.0322   23.4766  -62.5114
   37.6055   23.4128  -62.8612
   31.1788   23.3490  -63.2110
   24.7520   23.2852  -63.5608
   18.3252   23.2214  -63.9106
   11.8985   23.1576  -64.2604
    5.4718   23.0938  -64.6102
   -7.3817   22.9662  -65.3098
  -13.8085   22.9024  -65.6596
  -20.2353   22.8386  -66.0094
  -26.6620   22.7748  -66.3592
  -33.0888   22.7110  -66.7090
  -39.5155   22.6472  -67.0588
  -45.9423   22.5834  -67.4086
  -52.3690   22.5196  -67.7584
  -58.7957   22.4558  -68.1082
  -65.2225   22.3920  -68.4580
